<html>
<head>
<title>TestNG:  TESTNG_Test</title>
<link href="../testng.css" rel="stylesheet" type="text/css" />
<link href="../my-testng.css" rel="stylesheet" type="text/css" />

<style type="text/css">
.log { display: none;} 
.stack-trace { display: none;} 
</style>
<script type="text/javascript">
<!--
function flip(e) {
  current = e.style.display;
  if (current == 'block') {
    e.style.display = 'none';
    return 0;
  }
  else {
    e.style.display = 'block';
    return 1;
  }
}

function toggleBox(szDivId, elem, msg1, msg2)
{
  var res = -1;  if (document.getElementById) {
    res = flip(document.getElementById(szDivId));
  }
  else if (document.all) {
    // this is the way old msie versions work
    res = flip(document.all[szDivId]);
  }
  if(elem) {
    if(res == 0) elem.innerHTML = msg1; else elem.innerHTML = msg2;
  }

}

function toggleAllBoxes() {
  if (document.getElementsByTagName) {
    d = document.getElementsByTagName('div');
    for (i = 0; i < d.length; i++) {
      if (d[i].className == 'log') {
        flip(d[i]);
      }
    }
  }
}

// -->
</script>

</head>
<body>
<h2 align='center'>TESTNG_Test</h2><table border='1' align="center">
<tr>
<td>Tests passed/Failed/Skipped:</td><td>0/2/0</td>
</tr><tr>
<td>Started on:</td><td>Sat May 11 22:41:12 CDT 2024</td>
</tr>
<tr><td>Total time:</td><td>0 seconds (241 ms)</td>
</tr><tr>
<td>Included groups:</td><td></td>
</tr><tr>
<td>Excluded groups:</td><td></td>
</tr>
</table><p/>
<small><i>(Hover the method name to see the test class name)</i></small><p/>
<table width='100%' border='1' class='invocation-failed'>
<tr><td colspan='4' align='center'><b>FAILED CONFIGURATIONS</b></td></tr>
<tr><td><b>Test method</b></td>
<td><b>Attribute(s)</b></td>
<td width="30%"><b>Exception</b></td>
<td width="10%"><b>Time (seconds)</b></td>
<td><b>Instance</b></td>
</tr>
<tr>
<td title='TESTNGASSESSMENT_LT.TESTNGASSESSMENT_LT.Scenario1.teardown()'><b>teardown</b><br>Test class: TESTNGASSESSMENT_LT.TESTNGASSESSMENT_LT.Scenario1</td>
<td><div><pre>java.lang.NullPointerException: Cannot invoke &quot;org.openqa.selenium.WebDriver.quit()&quot; because &quot;this.driver&quot; is null
	at TESTNGASSESSMENT_LT.TESTNGASSESSMENT_LT.Scenario1.teardown(Scenario1.java:73)
	at java.base/java.util.concurrent.ThreadPoolExecutor.runWorker(ThreadPoolExecutor.java:1136)
	at java.base/java.util.concurrent.ThreadPoolExecutor$Worker.run(ThreadPoolExecutor.java:635)
	at java.base/java.lang.Thread.run(Thread.java:833)
... Removed 17 stack frames</pre></div><a href='#' onClick='toggleBox("stack-trace1589742069", this, "Click to show all stack frames", "Click to hide stack frames")'>Click to show all stack frames</a>
<div class='stack-trace' id='stack-trace1589742069'><pre>java.lang.NullPointerException: Cannot invoke &quot;org.openqa.selenium.WebDriver.quit()&quot; because &quot;this.driver&quot; is null
	at TESTNGASSESSMENT_LT.TESTNGASSESSMENT_LT.Scenario1.teardown(Scenario1.java:73)
	at java.base/jdk.internal.reflect.NativeMethodAccessorImpl.invoke0(Native Method)
	at java.base/jdk.internal.reflect.NativeMethodAccessorImpl.invoke(NativeMethodAccessorImpl.java:77)
	at java.base/jdk.internal.reflect.DelegatingMethodAccessorImpl.invoke(DelegatingMethodAccessorImpl.java:43)
	at java.base/java.lang.reflect.Method.invoke(Method.java:568)
	at org.testng.internal.invokers.MethodInvocationHelper.invokeMethod(MethodInvocationHelper.java:139)
	at org.testng.internal.invokers.MethodInvocationHelper.invokeMethodConsideringTimeout(MethodInvocationHelper.java:69)
	at org.testng.internal.invokers.ConfigInvoker.invokeConfigurationMethod(ConfigInvoker.java:390)
	at org.testng.internal.invokers.ConfigInvoker.invokeConfigurations(ConfigInvoker.java:325)
	at org.testng.internal.invokers.TestInvoker.runConfigMethods(TestInvoker.java:810)
	at org.testng.internal.invokers.TestInvoker.runAfterConfigurations(TestInvoker.java:779)
	at org.testng.internal.invokers.TestInvoker.invokeMethod(TestInvoker.java:755)
	at org.testng.internal.invokers.TestInvoker.invokeTestMethod(TestInvoker.java:227)
	at org.testng.internal.invokers.MethodRunner.runInSequence(MethodRunner.java:50)
	at org.testng.internal.invokers.TestInvoker$MethodInvocationAgent.invoke(TestInvoker.java:957)
	at org.testng.internal.invokers.TestInvoker.invokeTestMethods(TestInvoker.java:200)
	at org.testng.internal.invokers.TestMethodWorker.invokeTestMethods(TestMethodWorker.java:148)
	at org.testng.internal.invokers.TestMethodWorker.run(TestMethodWorker.java:128)
	at java.base/java.util.concurrent.ThreadPoolExecutor.runWorker(ThreadPoolExecutor.java:1136)
	at java.base/java.util.concurrent.ThreadPoolExecutor$Worker.run(ThreadPoolExecutor.java:635)
	at java.base/java.lang.Thread.run(Thread.java:833)
</pre></div></td>
<td>0</td>
<td>TESTNGASSESSMENT_LT.TESTNGASSESSMENT_LT.Scenario1@3feb2dda</td></tr>
<tr>
<td title='TESTNGASSESSMENT_LT.TESTNGASSESSMENT_LT.Scenario1.teardown()'><b>teardown</b><br>Test class: TESTNGASSESSMENT_LT.TESTNGASSESSMENT_LT.Scenario1</td>
<td><div><pre>java.lang.NullPointerException: Cannot invoke &quot;org.openqa.selenium.WebDriver.quit()&quot; because &quot;this.driver&quot; is null
	at TESTNGASSESSMENT_LT.TESTNGASSESSMENT_LT.Scenario1.teardown(Scenario1.java:73)
	at java.base/java.util.concurrent.ThreadPoolExecutor.runWorker(ThreadPoolExecutor.java:1136)
	at java.base/java.util.concurrent.ThreadPoolExecutor$Worker.run(ThreadPoolExecutor.java:635)
	at java.base/java.lang.Thread.run(Thread.java:833)
... Removed 17 stack frames</pre></div><a href='#' onClick='toggleBox("stack-trace1364046597", this, "Click to show all stack frames", "Click to hide stack frames")'>Click to show all stack frames</a>
<div class='stack-trace' id='stack-trace1364046597'><pre>java.lang.NullPointerException: Cannot invoke &quot;org.openqa.selenium.WebDriver.quit()&quot; because &quot;this.driver&quot; is null
	at TESTNGASSESSMENT_LT.TESTNGASSESSMENT_LT.Scenario1.teardown(Scenario1.java:73)
	at java.base/jdk.internal.reflect.NativeMethodAccessorImpl.invoke0(Native Method)
	at java.base/jdk.internal.reflect.NativeMethodAccessorImpl.invoke(NativeMethodAccessorImpl.java:77)
	at java.base/jdk.internal.reflect.DelegatingMethodAccessorImpl.invoke(DelegatingMethodAccessorImpl.java:43)
	at java.base/java.lang.reflect.Method.invoke(Method.java:568)
	at org.testng.internal.invokers.MethodInvocationHelper.invokeMethod(MethodInvocationHelper.java:139)
	at org.testng.internal.invokers.MethodInvocationHelper.invokeMethodConsideringTimeout(MethodInvocationHelper.java:69)
	at org.testng.internal.invokers.ConfigInvoker.invokeConfigurationMethod(ConfigInvoker.java:390)
	at org.testng.internal.invokers.ConfigInvoker.invokeConfigurations(ConfigInvoker.java:325)
	at org.testng.internal.invokers.TestInvoker.runConfigMethods(TestInvoker.java:810)
	at org.testng.internal.invokers.TestInvoker.runAfterConfigurations(TestInvoker.java:779)
	at org.testng.internal.invokers.TestInvoker.invokeMethod(TestInvoker.java:755)
	at org.testng.internal.invokers.TestInvoker.invokeTestMethod(TestInvoker.java:227)
	at org.testng.internal.invokers.MethodRunner.runInSequence(MethodRunner.java:50)
	at org.testng.internal.invokers.TestInvoker$MethodInvocationAgent.invoke(TestInvoker.java:957)
	at org.testng.internal.invokers.TestInvoker.invokeTestMethods(TestInvoker.java:200)
	at org.testng.internal.invokers.TestMethodWorker.invokeTestMethods(TestMethodWorker.java:148)
	at org.testng.internal.invokers.TestMethodWorker.run(TestMethodWorker.java:128)
	at java.base/java.util.concurrent.ThreadPoolExecutor.runWorker(ThreadPoolExecutor.java:1136)
	at java.base/java.util.concurrent.ThreadPoolExecutor$Worker.run(ThreadPoolExecutor.java:635)
	at java.base/java.lang.Thread.run(Thread.java:833)
</pre></div></td>
<td>0</td>
<td>TESTNGASSESSMENT_LT.TESTNGASSESSMENT_LT.Scenario1@3feb2dda</td></tr>
</table><p>
<table width='100%' border='1' class='invocation-failed'>
<tr><td colspan='4' align='center'><b>FAILED TESTS</b></td></tr>
<tr><td><b>Test method</b></td>
<td><b>Attribute(s)</b></td>
<td width="30%"><b>Exception</b></td>
<td width="10%"><b>Time (seconds)</b></td>
<td><b>Instance</b></td>
</tr>
<tr>
<td title='TESTNGASSESSMENT_LT.TESTNGASSESSMENT_LT.Scenario1.TestScenario2()'><b>TestScenario2</b><br>Test class: TESTNGASSESSMENT_LT.TESTNGASSESSMENT_LT.Scenario1</td>
<td><div><pre>org.openqa.selenium.remote.NoSuchDriverException: Unable to obtain: chromedriver, error Command failed with code: 2, executed: [--browser, chrome, --language-binding, java, --output, json]
error: unexpected argument &apos;--language-binding&apos; found

Usage: selenium-manager.exe &lt;--browser &lt;BROWSER&gt;|--driver &lt;DRIVER&gt;|--grid [&lt;GRID_VERSION&gt;]|--driver-version &lt;DRIVER_VERSION&gt;|--browser-version &lt;BROWSER_VERSION&gt;|--browser-path &lt;BROWSER_PATH&gt;|--driver-mirror-url &lt;DRIVER_MIRROR_URL&gt;|--browser-mirror-url &lt;BROWSER_MIRROR_URL&gt;|--output &lt;OUTPUT&gt;|--os &lt;OS&gt;|--arch &lt;ARCH&gt;|--proxy &lt;PROXY&gt;|--timeout &lt;TIMEOUT&gt;|--ttl &lt;TTL&gt;|--cache-path &lt;CACHE_PATH&gt;|--clear-cache|--clear-metadata|--debug|--trace|--offline|--force-browser-download|--avoid-browser-download&gt;

For more information, try &apos;--help&apos;.

	at org.openqa.selenium.remote.service.DriverFinder.getBinaryPaths(DriverFinder.java:121)
	at org.openqa.selenium.remote.service.DriverFinder.getDriverPath(DriverFinder.java:55)
	at org.openqa.selenium.chrome.ChromeDriver.generateExecutor(ChromeDriver.java:99)
	at org.openqa.selenium.chrome.ChromeDriver.&lt;init&gt;(ChromeDriver.java:88)
	at org.openqa.selenium.chrome.ChromeDriver.&lt;init&gt;(ChromeDriver.java:83)
	at org.openqa.selenium.chrome.ChromeDriver.&lt;init&gt;(ChromeDriver.java:51)
	at TESTNGASSESSMENT_LT.TESTNGASSESSMENT_LT.Scenario1.TestScenario2(Scenario1.java:24)
	at java.base/java.util.concurrent.ThreadPoolExecutor.runWorker(ThreadPoolExecutor.java:1136)
	at java.base/java.util.concurrent.ThreadPoolExecutor$Worker.run(ThreadPoolExecutor.java:635)
	at java.base/java.lang.Thread.run(Thread.java:833)
Caused by: org.openqa.selenium.WebDriverException: Command failed with code: 2, executed: [--browser, chrome, --language-binding, java, --output, json]
error: unexpected argument &apos;--language-binding&apos; found

Usage: selenium-manager.exe &lt;--browser &lt;BROWSER&gt;|--driver &lt;DRIVER&gt;|--grid [&lt;GRID_VERSION&gt;]|--driver-version &lt;DRIVER_VERSION&gt;|--browser-version &lt;BROWSER_VERSION&gt;|--browser-path &lt;BROWSER_PATH&gt;|--driver-mirror-url &lt;DRIVER_MIRROR_URL&gt;|--browser-mirror-url &lt;BROWSER_MIRROR_URL&gt;|--output &lt;OUTPUT&gt;|--os &lt;OS&gt;|--arch &lt;ARCH&gt;|--proxy &lt;PROXY&gt;|--timeout &lt;TIMEOUT&gt;|--ttl &lt;TTL&gt;|--cache-path &lt;CACHE_PATH&gt;|--clear-cache|--clear-metadata|--debug|--trace|--offline|--force-browser-download|--avoid-browser-download&gt;

For more information, try &apos;--help&apos;.

	at org.openqa.selenium.manager.SeleniumManager.runCommand(SeleniumManager.java:153)
	at org.openqa.selenium.manager.SeleniumManager.getBinaryPaths(SeleniumManager.java:228)
	at org.openqa.selenium.remote.service.DriverFinder.getBinaryPaths(DriverFinder.java:102)
	... 21 more
Caused by: org.openqa.selenium.json.JsonException: Unable to parse: error: unexpected argument &apos;--language-binding&apos; found

Usage: selenium-manager.exe &lt;--browser &lt;BROWSER&gt;|--driver &lt;DRIVER&gt;|--grid [&lt;GRID_VERSION&gt;]|--driver-version &lt;DRIVER_VERSION&gt;|--browser-version &lt;BROWSER_VERSION&gt;|--browser-path &lt;BROWSER_PATH&gt;|--driver-mirror-url &lt;DRIVER_MIRROR_URL&gt;|--browser-mirror-url &lt;BROWSER_MIRROR_URL&gt;|--output &lt;OUTPUT&gt;|--os &lt;OS&gt;|--arch &lt;ARCH&gt;|--proxy &lt;PROXY&gt;|--timeout &lt;TIMEOUT&gt;|--ttl &lt;TTL&gt;|--cache-path &lt;CACHE_PATH&gt;|--clear-cache|--clear-metadata|--debug|--trace|--offline|--force-browser-download|--avoid-browser-download&gt;

For more information, try &apos;--help&apos;.

	at org.openqa.selenium.json.Json.toType(Json.java:169)
	at org.openqa.selenium.json.Json.toType(Json.java:152)
	at org.openqa.selenium.manager.SeleniumManager.runCommand(SeleniumManager.java:138)
	... 23 more
Caused by: org.openqa.selenium.json.JsonException: Unable to determine type from: e. Last 1 characters read: e, next 128 characters to read: rror: unexpected argument &apos;--language-binding&apos; found

Usage: selenium-manager.exe &lt;--browser &lt;BROWSER&gt;|--driver &lt;DRIVER&gt;|--grid 
Build info: version: &apos;4.11.0&apos;, revision: &apos;040bc5406b&apos;
System info: os.name: &apos;Windows 11&apos;, os.arch: &apos;amd64&apos;, os.version: &apos;10.0&apos;, java.version: &apos;17.0.6&apos;
Driver info: driver.version: ChromeDriver
	at org.openqa.selenium.json.JsonInput.peek(JsonInput.java:166)
	at org.openqa.selenium.json.JsonTypeCoercer.lambda$buildCoercer$6(JsonTypeCoercer.java:167)
	at org.openqa.selenium.json.JsonTypeCoercer.coerce(JsonTypeCoercer.java:146)
	at org.openqa.selenium.json.Json.toType(Json.java:206)
	at org.openqa.selenium.json.Json.toType(Json.java:167)
	... 25 more
... Removed 12 stack frames</pre></div><a href='#' onClick='toggleBox("stack-trace1031787109", this, "Click to show all stack frames", "Click to hide stack frames")'>Click to show all stack frames</a>
<div class='stack-trace' id='stack-trace1031787109'><pre>org.openqa.selenium.remote.NoSuchDriverException: Unable to obtain: chromedriver, error Command failed with code: 2, executed: [--browser, chrome, --language-binding, java, --output, json]
error: unexpected argument &apos;--language-binding&apos; found

Usage: selenium-manager.exe &lt;--browser &lt;BROWSER&gt;|--driver &lt;DRIVER&gt;|--grid [&lt;GRID_VERSION&gt;]|--driver-version &lt;DRIVER_VERSION&gt;|--browser-version &lt;BROWSER_VERSION&gt;|--browser-path &lt;BROWSER_PATH&gt;|--driver-mirror-url &lt;DRIVER_MIRROR_URL&gt;|--browser-mirror-url &lt;BROWSER_MIRROR_URL&gt;|--output &lt;OUTPUT&gt;|--os &lt;OS&gt;|--arch &lt;ARCH&gt;|--proxy &lt;PROXY&gt;|--timeout &lt;TIMEOUT&gt;|--ttl &lt;TTL&gt;|--cache-path &lt;CACHE_PATH&gt;|--clear-cache|--clear-metadata|--debug|--trace|--offline|--force-browser-download|--avoid-browser-download&gt;

For more information, try &apos;--help&apos;.

	at org.openqa.selenium.remote.service.DriverFinder.getBinaryPaths(DriverFinder.java:121)
	at org.openqa.selenium.remote.service.DriverFinder.getDriverPath(DriverFinder.java:55)
	at org.openqa.selenium.chrome.ChromeDriver.generateExecutor(ChromeDriver.java:99)
	at org.openqa.selenium.chrome.ChromeDriver.&lt;init&gt;(ChromeDriver.java:88)
	at org.openqa.selenium.chrome.ChromeDriver.&lt;init&gt;(ChromeDriver.java:83)
	at org.openqa.selenium.chrome.ChromeDriver.&lt;init&gt;(ChromeDriver.java:51)
	at TESTNGASSESSMENT_LT.TESTNGASSESSMENT_LT.Scenario1.TestScenario2(Scenario1.java:24)
	at java.base/jdk.internal.reflect.NativeMethodAccessorImpl.invoke0(Native Method)
	at java.base/jdk.internal.reflect.NativeMethodAccessorImpl.invoke(NativeMethodAccessorImpl.java:77)
	at java.base/jdk.internal.reflect.DelegatingMethodAccessorImpl.invoke(DelegatingMethodAccessorImpl.java:43)
	at java.base/java.lang.reflect.Method.invoke(Method.java:568)
	at org.testng.internal.invokers.MethodInvocationHelper.invokeMethod(MethodInvocationHelper.java:139)
	at org.testng.internal.invokers.TestInvoker.invokeMethod(TestInvoker.java:664)
	at org.testng.internal.invokers.TestInvoker.invokeTestMethod(TestInvoker.java:227)
	at org.testng.internal.invokers.MethodRunner.runInSequence(MethodRunner.java:50)
	at org.testng.internal.invokers.TestInvoker$MethodInvocationAgent.invoke(TestInvoker.java:957)
	at org.testng.internal.invokers.TestInvoker.invokeTestMethods(TestInvoker.java:200)
	at org.testng.internal.invokers.TestMethodWorker.invokeTestMethods(TestMethodWorker.java:148)
	at org.testng.internal.invokers.TestMethodWorker.run(TestMethodWorker.java:128)
	at java.base/java.util.concurrent.ThreadPoolExecutor.runWorker(ThreadPoolExecutor.java:1136)
	at java.base/java.util.concurrent.ThreadPoolExecutor$Worker.run(ThreadPoolExecutor.java:635)
	at java.base/java.lang.Thread.run(Thread.java:833)
Caused by: org.openqa.selenium.WebDriverException: Command failed with code: 2, executed: [--browser, chrome, --language-binding, java, --output, json]
error: unexpected argument &apos;--language-binding&apos; found

Usage: selenium-manager.exe &lt;--browser &lt;BROWSER&gt;|--driver &lt;DRIVER&gt;|--grid [&lt;GRID_VERSION&gt;]|--driver-version &lt;DRIVER_VERSION&gt;|--browser-version &lt;BROWSER_VERSION&gt;|--browser-path &lt;BROWSER_PATH&gt;|--driver-mirror-url &lt;DRIVER_MIRROR_URL&gt;|--browser-mirror-url &lt;BROWSER_MIRROR_URL&gt;|--output &lt;OUTPUT&gt;|--os &lt;OS&gt;|--arch &lt;ARCH&gt;|--proxy &lt;PROXY&gt;|--timeout &lt;TIMEOUT&gt;|--ttl &lt;TTL&gt;|--cache-path &lt;CACHE_PATH&gt;|--clear-cache|--clear-metadata|--debug|--trace|--offline|--force-browser-download|--avoid-browser-download&gt;

For more information, try &apos;--help&apos;.

	at org.openqa.selenium.manager.SeleniumManager.runCommand(SeleniumManager.java:153)
	at org.openqa.selenium.manager.SeleniumManager.getBinaryPaths(SeleniumManager.java:228)
	at org.openqa.selenium.remote.service.DriverFinder.getBinaryPaths(DriverFinder.java:102)
	... 21 more
Caused by: org.openqa.selenium.json.JsonException: Unable to parse: error: unexpected argument &apos;--language-binding&apos; found

Usage: selenium-manager.exe &lt;--browser &lt;BROWSER&gt;|--driver &lt;DRIVER&gt;|--grid [&lt;GRID_VERSION&gt;]|--driver-version &lt;DRIVER_VERSION&gt;|--browser-version &lt;BROWSER_VERSION&gt;|--browser-path &lt;BROWSER_PATH&gt;|--driver-mirror-url &lt;DRIVER_MIRROR_URL&gt;|--browser-mirror-url &lt;BROWSER_MIRROR_URL&gt;|--output &lt;OUTPUT&gt;|--os &lt;OS&gt;|--arch &lt;ARCH&gt;|--proxy &lt;PROXY&gt;|--timeout &lt;TIMEOUT&gt;|--ttl &lt;TTL&gt;|--cache-path &lt;CACHE_PATH&gt;|--clear-cache|--clear-metadata|--debug|--trace|--offline|--force-browser-download|--avoid-browser-download&gt;

For more information, try &apos;--help&apos;.

	at org.openqa.selenium.json.Json.toType(Json.java:169)
	at org.openqa.selenium.json.Json.toType(Json.java:152)
	at org.openqa.selenium.manager.SeleniumManager.runCommand(SeleniumManager.java:138)
	... 23 more
Caused by: org.openqa.selenium.json.JsonException: Unable to determine type from: e. Last 1 characters read: e, next 128 characters to read: rror: unexpected argument &apos;--language-binding&apos; found

Usage: selenium-manager.exe &lt;--browser &lt;BROWSER&gt;|--driver &lt;DRIVER&gt;|--grid 
Build info: version: &apos;4.11.0&apos;, revision: &apos;040bc5406b&apos;
System info: os.name: &apos;Windows 11&apos;, os.arch: &apos;amd64&apos;, os.version: &apos;10.0&apos;, java.version: &apos;17.0.6&apos;
Driver info: driver.version: ChromeDriver
	at org.openqa.selenium.json.JsonInput.peek(JsonInput.java:166)
	at org.openqa.selenium.json.JsonTypeCoercer.lambda$buildCoercer$6(JsonTypeCoercer.java:167)
	at org.openqa.selenium.json.JsonTypeCoercer.coerce(JsonTypeCoercer.java:146)
	at org.openqa.selenium.json.Json.toType(Json.java:206)
	at org.openqa.selenium.json.Json.toType(Json.java:167)
	... 25 more
</pre></div></td>
<td>0</td>
<td>TESTNGASSESSMENT_LT.TESTNGASSESSMENT_LT.Scenario1@3feb2dda</td></tr>
<tr>
<td title='TESTNGASSESSMENT_LT.TESTNGASSESSMENT_LT.Scenario1.test3()'><b>test3</b><br>Test class: TESTNGASSESSMENT_LT.TESTNGASSESSMENT_LT.Scenario1</td>
<td><div><pre>org.openqa.selenium.remote.NoSuchDriverException: Unable to obtain: chromedriver, error Command failed with code: 2, executed: [--browser, chrome, --language-binding, java, --output, json]
error: unexpected argument &apos;--language-binding&apos; found

Usage: selenium-manager.exe &lt;--browser &lt;BROWSER&gt;|--driver &lt;DRIVER&gt;|--grid [&lt;GRID_VERSION&gt;]|--driver-version &lt;DRIVER_VERSION&gt;|--browser-version &lt;BROWSER_VERSION&gt;|--browser-path &lt;BROWSER_PATH&gt;|--driver-mirror-url &lt;DRIVER_MIRROR_URL&gt;|--browser-mirror-url &lt;BROWSER_MIRROR_URL&gt;|--output &lt;OUTPUT&gt;|--os &lt;OS&gt;|--arch &lt;ARCH&gt;|--proxy &lt;PROXY&gt;|--timeout &lt;TIMEOUT&gt;|--ttl &lt;TTL&gt;|--cache-path &lt;CACHE_PATH&gt;|--clear-cache|--clear-metadata|--debug|--trace|--offline|--force-browser-download|--avoid-browser-download&gt;

For more information, try &apos;--help&apos;.

	at org.openqa.selenium.remote.service.DriverFinder.getBinaryPaths(DriverFinder.java:121)
	at org.openqa.selenium.remote.service.DriverFinder.getDriverPath(DriverFinder.java:55)
	at org.openqa.selenium.chrome.ChromeDriver.generateExecutor(ChromeDriver.java:99)
	at org.openqa.selenium.chrome.ChromeDriver.&lt;init&gt;(ChromeDriver.java:88)
	at org.openqa.selenium.chrome.ChromeDriver.&lt;init&gt;(ChromeDriver.java:83)
	at org.openqa.selenium.chrome.ChromeDriver.&lt;init&gt;(ChromeDriver.java:51)
	at TESTNGASSESSMENT_LT.TESTNGASSESSMENT_LT.Scenario1.test3(Scenario1.java:51)
	at java.base/java.util.concurrent.ThreadPoolExecutor.runWorker(ThreadPoolExecutor.java:1136)
	at java.base/java.util.concurrent.ThreadPoolExecutor$Worker.run(ThreadPoolExecutor.java:635)
	at java.base/java.lang.Thread.run(Thread.java:833)
Caused by: org.openqa.selenium.WebDriverException: Command failed with code: 2, executed: [--browser, chrome, --language-binding, java, --output, json]
error: unexpected argument &apos;--language-binding&apos; found

Usage: selenium-manager.exe &lt;--browser &lt;BROWSER&gt;|--driver &lt;DRIVER&gt;|--grid [&lt;GRID_VERSION&gt;]|--driver-version &lt;DRIVER_VERSION&gt;|--browser-version &lt;BROWSER_VERSION&gt;|--browser-path &lt;BROWSER_PATH&gt;|--driver-mirror-url &lt;DRIVER_MIRROR_URL&gt;|--browser-mirror-url &lt;BROWSER_MIRROR_URL&gt;|--output &lt;OUTPUT&gt;|--os &lt;OS&gt;|--arch &lt;ARCH&gt;|--proxy &lt;PROXY&gt;|--timeout &lt;TIMEOUT&gt;|--ttl &lt;TTL&gt;|--cache-path &lt;CACHE_PATH&gt;|--clear-cache|--clear-metadata|--debug|--trace|--offline|--force-browser-download|--avoid-browser-download&gt;

For more information, try &apos;--help&apos;.

	at org.openqa.selenium.manager.SeleniumManager.runCommand(SeleniumManager.java:153)
	at org.openqa.selenium.manager.SeleniumManager.getBinaryPaths(SeleniumManager.java:228)
	at org.openqa.selenium.remote.service.DriverFinder.getBinaryPaths(DriverFinder.java:102)
	... 21 more
Caused by: org.openqa.selenium.json.JsonException: Unable to parse: error: unexpected argument &apos;--language-binding&apos; found

Usage: selenium-manager.exe &lt;--browser &lt;BROWSER&gt;|--driver &lt;DRIVER&gt;|--grid [&lt;GRID_VERSION&gt;]|--driver-version &lt;DRIVER_VERSION&gt;|--browser-version &lt;BROWSER_VERSION&gt;|--browser-path &lt;BROWSER_PATH&gt;|--driver-mirror-url &lt;DRIVER_MIRROR_URL&gt;|--browser-mirror-url &lt;BROWSER_MIRROR_URL&gt;|--output &lt;OUTPUT&gt;|--os &lt;OS&gt;|--arch &lt;ARCH&gt;|--proxy &lt;PROXY&gt;|--timeout &lt;TIMEOUT&gt;|--ttl &lt;TTL&gt;|--cache-path &lt;CACHE_PATH&gt;|--clear-cache|--clear-metadata|--debug|--trace|--offline|--force-browser-download|--avoid-browser-download&gt;

For more information, try &apos;--help&apos;.

	at org.openqa.selenium.json.Json.toType(Json.java:169)
	at org.openqa.selenium.json.Json.toType(Json.java:152)
	at org.openqa.selenium.manager.SeleniumManager.runCommand(SeleniumManager.java:138)
	... 23 more
Caused by: org.openqa.selenium.json.JsonException: Unable to determine type from: e. Last 1 characters read: e, next 128 characters to read: rror: unexpected argument &apos;--language-binding&apos; found

Usage: selenium-manager.exe &lt;--browser &lt;BROWSER&gt;|--driver &lt;DRIVER&gt;|--grid 
Build info: version: &apos;4.11.0&apos;, revision: &apos;040bc5406b&apos;
System info: os.name: &apos;Windows 11&apos;, os.arch: &apos;amd64&apos;, os.version: &apos;10.0&apos;, java.version: &apos;17.0.6&apos;
Driver info: driver.version: ChromeDriver
	at org.openqa.selenium.json.JsonInput.peek(JsonInput.java:166)
	at org.openqa.selenium.json.JsonTypeCoercer.lambda$buildCoercer$6(JsonTypeCoercer.java:167)
	at org.openqa.selenium.json.JsonTypeCoercer.coerce(JsonTypeCoercer.java:146)
	at org.openqa.selenium.json.Json.toType(Json.java:206)
	at org.openqa.selenium.json.Json.toType(Json.java:167)
	... 25 more
... Removed 12 stack frames</pre></div><a href='#' onClick='toggleBox("stack-trace249534449", this, "Click to show all stack frames", "Click to hide stack frames")'>Click to show all stack frames</a>
<div class='stack-trace' id='stack-trace249534449'><pre>org.openqa.selenium.remote.NoSuchDriverException: Unable to obtain: chromedriver, error Command failed with code: 2, executed: [--browser, chrome, --language-binding, java, --output, json]
error: unexpected argument &apos;--language-binding&apos; found

Usage: selenium-manager.exe &lt;--browser &lt;BROWSER&gt;|--driver &lt;DRIVER&gt;|--grid [&lt;GRID_VERSION&gt;]|--driver-version &lt;DRIVER_VERSION&gt;|--browser-version &lt;BROWSER_VERSION&gt;|--browser-path &lt;BROWSER_PATH&gt;|--driver-mirror-url &lt;DRIVER_MIRROR_URL&gt;|--browser-mirror-url &lt;BROWSER_MIRROR_URL&gt;|--output &lt;OUTPUT&gt;|--os &lt;OS&gt;|--arch &lt;ARCH&gt;|--proxy &lt;PROXY&gt;|--timeout &lt;TIMEOUT&gt;|--ttl &lt;TTL&gt;|--cache-path &lt;CACHE_PATH&gt;|--clear-cache|--clear-metadata|--debug|--trace|--offline|--force-browser-download|--avoid-browser-download&gt;

For more information, try &apos;--help&apos;.

	at org.openqa.selenium.remote.service.DriverFinder.getBinaryPaths(DriverFinder.java:121)
	at org.openqa.selenium.remote.service.DriverFinder.getDriverPath(DriverFinder.java:55)
	at org.openqa.selenium.chrome.ChromeDriver.generateExecutor(ChromeDriver.java:99)
	at org.openqa.selenium.chrome.ChromeDriver.&lt;init&gt;(ChromeDriver.java:88)
	at org.openqa.selenium.chrome.ChromeDriver.&lt;init&gt;(ChromeDriver.java:83)
	at org.openqa.selenium.chrome.ChromeDriver.&lt;init&gt;(ChromeDriver.java:51)
	at TESTNGASSESSMENT_LT.TESTNGASSESSMENT_LT.Scenario1.test3(Scenario1.java:51)
	at java.base/jdk.internal.reflect.NativeMethodAccessorImpl.invoke0(Native Method)
	at java.base/jdk.internal.reflect.NativeMethodAccessorImpl.invoke(NativeMethodAccessorImpl.java:77)
	at java.base/jdk.internal.reflect.DelegatingMethodAccessorImpl.invoke(DelegatingMethodAccessorImpl.java:43)
	at java.base/java.lang.reflect.Method.invoke(Method.java:568)
	at org.testng.internal.invokers.MethodInvocationHelper.invokeMethod(MethodInvocationHelper.java:139)
	at org.testng.internal.invokers.TestInvoker.invokeMethod(TestInvoker.java:664)
	at org.testng.internal.invokers.TestInvoker.invokeTestMethod(TestInvoker.java:227)
	at org.testng.internal.invokers.MethodRunner.runInSequence(MethodRunner.java:50)
	at org.testng.internal.invokers.TestInvoker$MethodInvocationAgent.invoke(TestInvoker.java:957)
	at org.testng.internal.invokers.TestInvoker.invokeTestMethods(TestInvoker.java:200)
	at org.testng.internal.invokers.TestMethodWorker.invokeTestMethods(TestMethodWorker.java:148)
	at org.testng.internal.invokers.TestMethodWorker.run(TestMethodWorker.java:128)
	at java.base/java.util.concurrent.ThreadPoolExecutor.runWorker(ThreadPoolExecutor.java:1136)
	at java.base/java.util.concurrent.ThreadPoolExecutor$Worker.run(ThreadPoolExecutor.java:635)
	at java.base/java.lang.Thread.run(Thread.java:833)
Caused by: org.openqa.selenium.WebDriverException: Command failed with code: 2, executed: [--browser, chrome, --language-binding, java, --output, json]
error: unexpected argument &apos;--language-binding&apos; found

Usage: selenium-manager.exe &lt;--browser &lt;BROWSER&gt;|--driver &lt;DRIVER&gt;|--grid [&lt;GRID_VERSION&gt;]|--driver-version &lt;DRIVER_VERSION&gt;|--browser-version &lt;BROWSER_VERSION&gt;|--browser-path &lt;BROWSER_PATH&gt;|--driver-mirror-url &lt;DRIVER_MIRROR_URL&gt;|--browser-mirror-url &lt;BROWSER_MIRROR_URL&gt;|--output &lt;OUTPUT&gt;|--os &lt;OS&gt;|--arch &lt;ARCH&gt;|--proxy &lt;PROXY&gt;|--timeout &lt;TIMEOUT&gt;|--ttl &lt;TTL&gt;|--cache-path &lt;CACHE_PATH&gt;|--clear-cache|--clear-metadata|--debug|--trace|--offline|--force-browser-download|--avoid-browser-download&gt;

For more information, try &apos;--help&apos;.

	at org.openqa.selenium.manager.SeleniumManager.runCommand(SeleniumManager.java:153)
	at org.openqa.selenium.manager.SeleniumManager.getBinaryPaths(SeleniumManager.java:228)
	at org.openqa.selenium.remote.service.DriverFinder.getBinaryPaths(DriverFinder.java:102)
	... 21 more
Caused by: org.openqa.selenium.json.JsonException: Unable to parse: error: unexpected argument &apos;--language-binding&apos; found

Usage: selenium-manager.exe &lt;--browser &lt;BROWSER&gt;|--driver &lt;DRIVER&gt;|--grid [&lt;GRID_VERSION&gt;]|--driver-version &lt;DRIVER_VERSION&gt;|--browser-version &lt;BROWSER_VERSION&gt;|--browser-path &lt;BROWSER_PATH&gt;|--driver-mirror-url &lt;DRIVER_MIRROR_URL&gt;|--browser-mirror-url &lt;BROWSER_MIRROR_URL&gt;|--output &lt;OUTPUT&gt;|--os &lt;OS&gt;|--arch &lt;ARCH&gt;|--proxy &lt;PROXY&gt;|--timeout &lt;TIMEOUT&gt;|--ttl &lt;TTL&gt;|--cache-path &lt;CACHE_PATH&gt;|--clear-cache|--clear-metadata|--debug|--trace|--offline|--force-browser-download|--avoid-browser-download&gt;

For more information, try &apos;--help&apos;.

	at org.openqa.selenium.json.Json.toType(Json.java:169)
	at org.openqa.selenium.json.Json.toType(Json.java:152)
	at org.openqa.selenium.manager.SeleniumManager.runCommand(SeleniumManager.java:138)
	... 23 more
Caused by: org.openqa.selenium.json.JsonException: Unable to determine type from: e. Last 1 characters read: e, next 128 characters to read: rror: unexpected argument &apos;--language-binding&apos; found

Usage: selenium-manager.exe &lt;--browser &lt;BROWSER&gt;|--driver &lt;DRIVER&gt;|--grid 
Build info: version: &apos;4.11.0&apos;, revision: &apos;040bc5406b&apos;
System info: os.name: &apos;Windows 11&apos;, os.arch: &apos;amd64&apos;, os.version: &apos;10.0&apos;, java.version: &apos;17.0.6&apos;
Driver info: driver.version: ChromeDriver
	at org.openqa.selenium.json.JsonInput.peek(JsonInput.java:166)
	at org.openqa.selenium.json.JsonTypeCoercer.lambda$buildCoercer$6(JsonTypeCoercer.java:167)
	at org.openqa.selenium.json.JsonTypeCoercer.coerce(JsonTypeCoercer.java:146)
	at org.openqa.selenium.json.Json.toType(Json.java:206)
	at org.openqa.selenium.json.Json.toType(Json.java:167)
	... 25 more
</pre></div></td>
<td>0</td>
<td>TESTNGASSESSMENT_LT.TESTNGASSESSMENT_LT.Scenario1@3feb2dda</td></tr>
</table><p>
</body>
</html>